{
  "RSpec": {
    "coverage": {
      "/Users/pbh/Sites/rails_projects/rebankme/app/helpers/application_helper.rb": [
        1,
        null,
        1,
        null,
        0,
        null,
        null
      ],
      "/Users/pbh/Sites/rails_projects/rebankme/app/helpers/demo_helper.rb": [
        1,
        null
      ],
      "/Users/pbh/Sites/rails_projects/rebankme/app/models/user.rb": [
        null,
        null,
        null,
        null,
        null,
        null,
        null,
        null,
        null,
        null,
        null,
        null,
        null,
        null,
        null,
        1,
        1,
        null,
        1,
        0,
        null,
        null
      ]
    },
    "timestamp": 1404918768
  }
}
