{
  "RSpec": {
    "coverage": {
      "/Users/pbh/Sites/rails_projects/rebankme/app/models/user.rb": [
        null,
        null,
        null,
        null,
        null,
        null,
        null,
        null,
        null,
        null,
        null,
        null,
        null,
        null,
        null,
        0,
        0,
        0,
        null,
        0,
        0,
        null,
        null,
        0,
        0,
        null,
        null,
        0,
        0,
        null,
        null,
        0,
        null,
        0,
        0,
        0,
        0,
        0,
        0,
        0,
        null,
        null,
        0,
        null,
        null,
        null,
        null
      ],
      "/Users/pbh/Sites/rails_projects/rebankme/app/models/account_type.rb": [
        null,
        null,
        null,
        null,
        null,
        null,
        null,
        null,
        null,
        null,
        0,
        0,
        0,
        null,
        0,
        0,
        null,
        null,
        0,
        0,
        null,
        0,
        0,
        null,
        0,
        0,
        null,
        0,
        0,
        null,
        0,
        0,
        null,
        null
      ],
      "/Users/pbh/Sites/rails_projects/rebankme/app/controllers/account_finder_controller.rb": [
        0,
        0,
        0,
        null,
        null,
        0,
        null,
        null,
        null
      ],
      "/Users/pbh/Sites/rails_projects/rebankme/app/controllers/application_controller.rb": [
        0,
        null,
        null,
        0,
        null
      ]
    },
    "timestamp": 1405006075
  }
}
